<?xml version="1.0" encoding="UTF-8"?>
<!-- Generated by org.testng.reporters.JUnitReportReporter -->
<testsuite hostname="DESKTOP-HTHGA4V" failures="0" tests="1" name="testCases.Temp1" time="5.800" errors="0" timestamp="2024-11-18T13:33:43 IST" skipped="0">
  <testcase classname="testCases.Temp1" name="verifyAccount" time="5.800"/>
  <system-out/>
</testsuite> <!-- testCases.Temp1 -->
