<?xml version="1.0" encoding="UTF-8"?>
<!-- Generated by org.testng.reporters.JUnitReportReporter -->
<testsuite hostname="DESKTOP-HTHGA4V" failures="0" tests="1" name="testCases.Temp" time="7.850" errors="0" timestamp="2024-11-18T12:14:30 IST" skipped="0">
  <testcase classname="testCases.Temp" name="setup" time="7.850"/>
  <system-out/>
</testsuite> <!-- testCases.Temp -->
