<?xml version="1.0" encoding="UTF-8"?>
<!-- Generated by org.testng.reporters.JUnitReportReporter -->
<testsuite hostname="DESKTOP-HTHGA4V" failures="0" tests="2" name="testCases.TC002_LoginTests" time="4.850" errors="0" timestamp="2024-11-25T21:09:57 IST" skipped="0">
  <testcase classname="testCases.TC002_LoginTests" name="verify_login" time="2.573"/>
  <system-out/>
  <testcase classname="testCases.TC002_LoginTests" name="verify_login" time="2.277"/>
  <system-out/>
</testsuite> <!-- testCases.TC002_LoginTests -->
